<?xml version="1.0" encoding="UTF-8"?>
<!-- Generated by org.testng.reporters.JUnitReportReporter -->
<testsuite hostname="DESKTOP-29FAU25" failures="0" tests="2" name="cucumber.Options.TestRunner" time="7.115" errors="0" timestamp="2021-07-12T10:52:33 IST" skipped="0">
  <testcase classname="cucumber.Options.TestRunner" name="runScenario" time="5.021"/>
  <system-out/>
  <testcase classname="cucumber.Options.TestRunner" name="runScenario" time="2.094"/>
  <system-out/>
</testsuite> <!-- cucumber.Options.TestRunner -->
