<?xml version="1.0" encoding="UTF-8"?>
<!-- Generated by org.testng.reporters.JUnitReportReporter -->
<testsuite hostname="DESKTOP-29FAU25" failures="0" tests="3" name="cucumber.Options.TestRunner" time="8.741" errors="0" timestamp="2021-05-25T10:32:41 IST" skipped="0">
  <testcase classname="cucumber.Options.TestRunner" name="runScenario" time="4.738"/>
  <system-out/>
  <testcase classname="cucumber.Options.TestRunner" name="runScenario" time="1.971"/>
  <system-out/>
  <testcase classname="cucumber.Options.TestRunner" name="runScenario" time="2.032"/>
  <system-out/>
</testsuite> <!-- cucumber.Options.TestRunner -->
