<?xml version="1.0" encoding="UTF-8"?>
<!-- Generated by org.testng.reporters.JUnitReportReporter -->
<testsuite skipped="0" hostname="DESKTOP-29FAU25" name="cucumber.Options.TestRunner" tests="3" failures="0" timestamp="2021-05-25T01:50:45 IST" time="8.560" errors="0">
  <testcase name="runScenario" time="1.896" classname="cucumber.Options.TestRunner"/>
  <system-out/>
  <testcase name="runScenario" time="4.641" classname="cucumber.Options.TestRunner"/>
  <system-out/>
  <testcase name="runScenario" time="2.023" classname="cucumber.Options.TestRunner"/>
  <system-out/>
</testsuite> <!-- cucumber.Options.TestRunner -->
