<?xml version="1.0" encoding="UTF-8"?>
<!-- Generated by org.testng.reporters.JUnitReportReporter -->
<testsuite hostname="DESKTOP-29FAU25" failures="0" tests="2" name="cucumber.Options.TestRunner" time="6.810" errors="0" timestamp="2021-07-12T11:03:26 IST" skipped="0">
  <testcase classname="cucumber.Options.TestRunner" name="runScenario" time="4.538"/>
  <system-out/>
  <testcase classname="cucumber.Options.TestRunner" name="runScenario" time="2.272"/>
  <system-out/>
</testsuite> <!-- cucumber.Options.TestRunner -->
